{"uid":"95c81455bf0b5cd1","name":"test_success_rate[61]","fullName":"tests.pytest_doc.how_to.test_status#test_success_rate","historyId":"dcb03061edb79c1021274b303eccf712","time":{"start":1751034229143,"stop":1751034229144,"duration":1},"status":"failed","statusMessage":"AssertionError: 测试 61 失败\nassert False","statusTrace":"run_id = 61\n\n    @pytest.mark.parametrize(\"run_id\", range(100))\n    def test_success_rate(run_id: int):\n        success = probabilistic_success(0.95)\n>       assert success, f\"测试 {run_id} 失败\"\nE       AssertionError: 测试 61 失败\nE       assert False\n\ntests/pytest_doc/how_to/test_status.py:29: AssertionError","flaky":false,"newFailed":false,"newBroken":false,"newPassed":false,"retriesCount":0,"retriesStatusChange":false,"beforeStages":[],"afterStages":[],"labels":[{"name":"parentSuite","value":"tests.pytest_doc.how_to"},{"name":"suite","value":"test_status"},{"name":"host","value":"fv-az2236-394"},{"name":"thread","value":"2463-MainThread"},{"name":"framework","value":"pytest"},{"name":"language","value":"cpython3"},{"name":"package","value":"tests.pytest_doc.how_to.test_status"},{"name":"resultFormat","value":"allure2"}],"parameters":[{"name":"run_id","value":"61"}],"links":[],"hidden":false,"retry":false,"extra":{"severity":"normal","retries":[],"categories":[{"name":"Product defects","matchedStatuses":[],"flaky":false}],"tags":[]},"source":"95c81455bf0b5cd1.json","parameterValues":["61"]}