{"uid":"ac03f514fd99b8ee","name":"test_parametrized[3]","fullName":"tests.pytest_doc.how_to.test_status#test_parametrized","historyId":"08dc9a393a3f522837a9deed7763a308","time":{"start":1750828166429,"stop":1750828166429,"duration":0},"status":"failed","statusMessage":"AssertionError: Value 3 is not even\nassert (3 % 2) == 0","statusTrace":"value = 3\n\n    @pytest.mark.parametrize(\"value\", [randint(2, 4) for _ in range(2)])\n    def test_parametrized(value):\n>       assert value % 2 == 0, f\"Value {value} is not even\"\nE       AssertionError: Value 3 is not even\nE       assert (3 % 2) == 0\n\ntests/pytest_doc/how_to/test_status.py:24: AssertionError","flaky":false,"newFailed":false,"newBroken":false,"newPassed":false,"retriesCount":0,"retriesStatusChange":false,"beforeStages":[],"afterStages":[],"labels":[{"name":"parentSuite","value":"tests.pytest_doc.how_to"},{"name":"suite","value":"test_status"},{"name":"host","value":"fv-az1373-619"},{"name":"thread","value":"2545-MainThread"},{"name":"framework","value":"pytest"},{"name":"language","value":"cpython3"},{"name":"package","value":"tests.pytest_doc.how_to.test_status"},{"name":"resultFormat","value":"allure2"}],"parameters":[{"name":"value","value":"3"}],"links":[],"hidden":false,"retry":false,"extra":{"severity":"normal","retries":[],"categories":[{"name":"Product defects","matchedStatuses":[],"flaky":false}],"tags":[]},"source":"ac03f514fd99b8ee.json","parameterValues":["3"]}